Línea 158: la clase MSDataGridLib.DataGrid del control DataGrid1 no era una clase de control cargada.
Línea 263: la clase MSAdodcLib.Adodc del control adodc1 no era una clase de control cargada.
Línea 310: la clase MSComctlLib.Toolbar del control Toolbar1 no era una clase de control cargada.
Línea 159: el nombre de la propiedad Bindings de DataGrid1 no es válido.
Línea 165: el nombre de la propiedad _ExtentX de DataGrid1 no es válido.
Línea 166: el nombre de la propiedad _ExtentY de DataGrid1 no es válido.
Línea 167: el nombre de la propiedad _Version de DataGrid1 no es válido.
Línea 168: el nombre de la propiedad AllowUpdate de DataGrid1 no es válido.
Línea 170: el nombre de la propiedad HeadLines de DataGrid1 no es válido.
Línea 171: el nombre de la propiedad RowHeight de DataGrid1 no es válido.
Línea 180: el nombre de la propiedad HeadFont de DataGrid1 no es válido.
Línea 190: el nombre de la propiedad ColumnCount de DataGrid1 no es válido.
Línea 203: el nombre de la propiedad Column00 de DataGrid1 no es válido.
Línea 216: el nombre de la propiedad Column01 de DataGrid1 no es válido.
Línea 217: el nombre de la propiedad SplitCount de DataGrid1 no es válido.
Línea 226: el nombre de la propiedad Split0 de DataGrid1 no es válido.
Línea 269: el nombre de la propiedad _ExtentX de adodc1 no es válido.
Línea 270: el nombre de la propiedad _ExtentY de adodc1 no es válido.
Línea 271: el nombre de la propiedad ConnectMode de adodc1 no es válido.
Línea 272: el nombre de la propiedad CursorLocation de adodc1 no es válido.
Línea 273: el nombre de la propiedad IsolationLevel de adodc1 no es válido.
Línea 274: el nombre de la propiedad ConnectionTimeout de adodc1 no es válido.
Línea 275: el nombre de la propiedad CommandTimeout de adodc1 no es válido.
Línea 276: el nombre de la propiedad CursorType de adodc1 no es válido.
Línea 277: el nombre de la propiedad LockType de adodc1 no es válido.
Línea 278: el nombre de la propiedad CommandType de adodc1 no es válido.
Línea 279: el nombre de la propiedad CursorOptions de adodc1 no es válido.
Línea 280: el nombre de la propiedad CacheSize de adodc1 no es válido.
Línea 281: el nombre de la propiedad MaxRecords de adodc1 no es válido.
Línea 282: el nombre de la propiedad BOFAction de adodc1 no es válido.
Línea 283: el nombre de la propiedad EOFAction de adodc1 no es válido.
Línea 284: el nombre de la propiedad ConnectStringType de adodc1 no es válido.
Línea 288: el nombre de la propiedad Orientation de adodc1 no es válido.
Línea 290: el nombre de la propiedad Connect de adodc1 no es válido.
Línea 291: el nombre de la propiedad OLEDBString de adodc1 no es válido.
Línea 292: el nombre de la propiedad OLEDBFile de adodc1 no es válido.
Línea 293: el nombre de la propiedad DataSourceName de adodc1 no es válido.
Línea 294: el nombre de la propiedad OtherAttributes de adodc1 no es válido.
Línea 295: el nombre de la propiedad UserName de adodc1 no es válido.
Línea 296: el nombre de la propiedad Password de adodc1 no es válido.
Línea 297: el nombre de la propiedad RecordSource de adodc1 no es válido.
Línea 298: el nombre de la propiedad Caption de adodc1 no es válido.
Línea 308: el nombre de la propiedad _Version de adodc1 no es válido.
Línea 317: el nombre de la propiedad _ExtentX de Toolbar1 no es válido.
Línea 318: el nombre de la propiedad _ExtentY de Toolbar1 no es válido.
Línea 319: el nombre de la propiedad ButtonWidth de Toolbar1 no es válido.
Línea 320: el nombre de la propiedad ButtonHeight de Toolbar1 no es válido.
Línea 321: el nombre de la propiedad AllowCustomize de Toolbar1 no es válido.
Línea 323: el nombre de la propiedad Style de Toolbar1 no es válido.
Línea 324: el nombre de la propiedad _Version de Toolbar1 no es válido.
Línea 370: el nombre de la propiedad Buttons de Toolbar1 no es válido.
