Línea 285: la clase MSDataGridLib.DataGrid del control DataGrid1 no era una clase de control cargada.
Línea 390: la clase MSAdodcLib.Adodc del control adodc1 no era una clase de control cargada.
Línea 437: la clase MSComctlLib.Toolbar del control Toolbar1 no era una clase de control cargada.
Línea 286: el nombre de la propiedad Bindings de DataGrid1 no es válido.
Línea 292: el nombre de la propiedad _ExtentX de DataGrid1 no es válido.
Línea 293: el nombre de la propiedad _ExtentY de DataGrid1 no es válido.
Línea 294: el nombre de la propiedad _Version de DataGrid1 no es válido.
Línea 295: el nombre de la propiedad AllowUpdate de DataGrid1 no es válido.
Línea 297: el nombre de la propiedad HeadLines de DataGrid1 no es válido.
Línea 298: el nombre de la propiedad RowHeight de DataGrid1 no es válido.
Línea 307: el nombre de la propiedad HeadFont de DataGrid1 no es válido.
Línea 317: el nombre de la propiedad ColumnCount de DataGrid1 no es válido.
Línea 330: el nombre de la propiedad Column00 de DataGrid1 no es válido.
Línea 343: el nombre de la propiedad Column01 de DataGrid1 no es válido.
Línea 344: el nombre de la propiedad SplitCount de DataGrid1 no es válido.
Línea 353: el nombre de la propiedad Split0 de DataGrid1 no es válido.
Línea 396: el nombre de la propiedad _ExtentX de adodc1 no es válido.
Línea 397: el nombre de la propiedad _ExtentY de adodc1 no es válido.
Línea 398: el nombre de la propiedad ConnectMode de adodc1 no es válido.
Línea 399: el nombre de la propiedad CursorLocation de adodc1 no es válido.
Línea 400: el nombre de la propiedad IsolationLevel de adodc1 no es válido.
Línea 401: el nombre de la propiedad ConnectionTimeout de adodc1 no es válido.
Línea 402: el nombre de la propiedad CommandTimeout de adodc1 no es válido.
Línea 403: el nombre de la propiedad CursorType de adodc1 no es válido.
Línea 404: el nombre de la propiedad LockType de adodc1 no es válido.
Línea 405: el nombre de la propiedad CommandType de adodc1 no es válido.
Línea 406: el nombre de la propiedad CursorOptions de adodc1 no es válido.
Línea 407: el nombre de la propiedad CacheSize de adodc1 no es válido.
Línea 408: el nombre de la propiedad MaxRecords de adodc1 no es válido.
Línea 409: el nombre de la propiedad BOFAction de adodc1 no es válido.
Línea 410: el nombre de la propiedad EOFAction de adodc1 no es válido.
Línea 411: el nombre de la propiedad ConnectStringType de adodc1 no es válido.
Línea 415: el nombre de la propiedad Orientation de adodc1 no es válido.
Línea 417: el nombre de la propiedad Connect de adodc1 no es válido.
Línea 418: el nombre de la propiedad OLEDBString de adodc1 no es válido.
Línea 419: el nombre de la propiedad OLEDBFile de adodc1 no es válido.
Línea 420: el nombre de la propiedad DataSourceName de adodc1 no es válido.
Línea 421: el nombre de la propiedad OtherAttributes de adodc1 no es válido.
Línea 422: el nombre de la propiedad UserName de adodc1 no es válido.
Línea 423: el nombre de la propiedad Password de adodc1 no es válido.
Línea 424: el nombre de la propiedad RecordSource de adodc1 no es válido.
Línea 425: el nombre de la propiedad Caption de adodc1 no es válido.
Línea 435: el nombre de la propiedad _Version de adodc1 no es válido.
Línea 444: el nombre de la propiedad _ExtentX de Toolbar1 no es válido.
Línea 445: el nombre de la propiedad _ExtentY de Toolbar1 no es válido.
Línea 446: el nombre de la propiedad ButtonWidth de Toolbar1 no es válido.
Línea 447: el nombre de la propiedad ButtonHeight de Toolbar1 no es válido.
Línea 448: el nombre de la propiedad AllowCustomize de Toolbar1 no es válido.
Línea 450: el nombre de la propiedad Style de Toolbar1 no es válido.
Línea 451: el nombre de la propiedad _Version de Toolbar1 no es válido.
Línea 497: el nombre de la propiedad Buttons de Toolbar1 no es válido.
